[2020-09-04T21:14:55.248] [DEBUG] cheese - login => username:zs,password:123456
[2020-09-04T21:14:55.249] [DEBUG] cheese - zs
[2020-09-04T21:14:55.254] [DEBUG] cheese - null
[2020-09-04T21:14:55.255] [DEBUG] cheese - null
[2020-09-04T21:15:39.102] [DEBUG] cheese - login => username:admin,password:123456
[2020-09-04T21:15:39.102] [DEBUG] cheese - admin
[2020-09-04T21:15:39.107] [DEBUG] cheese - null
[2020-09-04T21:15:39.108] [DEBUG] cheese - null
[2020-09-05T09:37:29.513] [DEBUG] cheese - login => username:zsgsgfs,password:123fdfdad
[2020-09-05T09:37:29.513] [DEBUG] cheese - zsgsgfs
[2020-09-05T09:37:29.515] [DEBUG] cheese - null
[2020-09-05T09:37:29.515] [DEBUG] cheese - null
[2020-09-05T09:38:22.780] [DEBUG] cheese - login => username:zsfda,password:123fdadfa
[2020-09-05T09:38:22.780] [DEBUG] cheese - zsfda
[2020-09-05T09:38:22.781] [DEBUG] cheese - null
[2020-09-05T09:38:22.781] [DEBUG] cheese - null
[2020-09-05T09:40:32.162] [DEBUG] cheese - login => username:zs212,password:123321312
[2020-09-05T09:40:32.162] [DEBUG] cheese - zs212
[2020-09-05T09:40:32.164] [DEBUG] cheese - null
[2020-09-05T09:40:32.164] [DEBUG] cheese - null
[2020-09-05T09:42:36.051] [DEBUG] cheese - login => username:zs121,password:123213131
[2020-09-05T09:42:36.052] [DEBUG] cheese - zs121
[2020-09-05T09:42:36.054] [DEBUG] cheese - null
[2020-09-05T09:42:36.054] [DEBUG] cheese - null
[2020-09-05T09:42:43.407] [DEBUG] cheese - login => username:admin,password:123456
[2020-09-05T09:42:43.407] [DEBUG] cheese - admin
[2020-09-05T09:42:43.409] [DEBUG] cheese - null
[2020-09-05T09:42:43.409] [DEBUG] cheese - null
[2020-09-05T09:48:45.356] [DEBUG] cheese - login => username:zs1212,password:1233213123
[2020-09-05T09:48:45.356] [DEBUG] cheese - zs1212
[2020-09-05T09:48:45.358] [DEBUG] cheese - null
[2020-09-05T09:48:45.358] [DEBUG] cheese - null
[2020-09-05T09:48:52.244] [DEBUG] cheese - login => username:admin,password:123456
[2020-09-05T09:48:52.244] [DEBUG] cheese - admin
[2020-09-05T09:48:52.245] [DEBUG] cheese - null
[2020-09-05T09:48:52.246] [DEBUG] cheese - null
[2020-09-05T09:52:49.592] [DEBUG] cheese - login => username:admin,password:123456
[2020-09-05T09:52:49.592] [DEBUG] cheese - admin
[2020-09-05T09:52:49.594] [DEBUG] cheese - null
[2020-09-05T09:52:49.594] [DEBUG] cheese - null
[2020-09-05T09:53:48.176] [DEBUG] cheese - login => username:admin,password:123456
[2020-09-05T09:53:48.176] [DEBUG] cheese - admin
[2020-09-05T09:53:48.178] [DEBUG] cheese - null
[2020-09-05T09:53:48.178] [DEBUG] cheese - null
[2020-09-05T10:00:16.239] [DEBUG] cheese - login => username:admin,password:123456
[2020-09-05T10:00:16.239] [DEBUG] cheese - admin
[2020-09-05T10:00:16.242] [DEBUG] cheese - null
[2020-09-05T10:00:16.242] [DEBUG] cheese - null
[2020-09-05T10:13:56.609] [DEBUG] cheese - login => username:admin,password:123456
[2020-09-05T10:13:56.609] [DEBUG] cheese - admin
[2020-09-05T10:13:56.611] [DEBUG] cheese - null
[2020-09-05T10:13:56.611] [DEBUG] cheese - null
[2020-09-05T10:15:11.995] [DEBUG] cheese - login => username:admin,password:123456
[2020-09-05T10:15:11.996] [DEBUG] cheese - admin
[2020-09-05T10:15:11.998] [DEBUG] cheese - null
[2020-09-05T10:15:11.998] [DEBUG] cheese - null
[2020-09-05T10:16:30.135] [DEBUG] cheese - login => username:admin,password:123456
[2020-09-05T10:16:30.135] [DEBUG] cheese - admin
[2020-09-05T10:16:30.137] [DEBUG] cheese - null
[2020-09-05T10:16:30.137] [DEBUG] cheese - null
[2020-09-05T10:16:40.539] [DEBUG] cheese - login => username:admin,password:123456
[2020-09-05T10:16:40.539] [DEBUG] cheese - admin
[2020-09-05T10:16:40.542] [DEBUG] cheese - null
[2020-09-05T10:16:40.542] [DEBUG] cheese - null
[2020-09-05T10:17:08.168] [DEBUG] cheese - login => username:admin,password:123456
[2020-09-05T10:17:08.168] [DEBUG] cheese - admin
[2020-09-05T10:17:08.169] [DEBUG] cheese - null
[2020-09-05T10:17:08.169] [DEBUG] cheese - null
[2020-09-05T10:30:06.852] [DEBUG] cheese - login => username:admin,password:123456
[2020-09-05T10:30:06.853] [DEBUG] cheese - admin
[2020-09-05T10:30:06.855] [DEBUG] cheese - null
[2020-09-05T10:30:06.856] [DEBUG] cheese - null
[2020-09-05T11:07:14.591] [DEBUG] cheese - login => username:admin,password:123456
[2020-09-05T11:07:14.591] [DEBUG] cheese - admin
[2020-09-05T11:07:14.592] [DEBUG] cheese - null
[2020-09-05T11:07:14.592] [DEBUG] cheese - null
[2020-09-05T11:14:03.157] [DEBUG] cheese - login => username:admin,password:123456
[2020-09-05T11:14:03.157] [DEBUG] cheese - admin
[2020-09-05T11:14:03.160] [DEBUG] cheese - null
[2020-09-05T11:14:03.160] [DEBUG] cheese - null
[2020-09-05T11:15:58.657] [DEBUG] cheese - login => username:admin,password:123456
[2020-09-05T11:15:58.658] [DEBUG] cheese - admin
[2020-09-05T11:15:58.660] [DEBUG] cheese - null
[2020-09-05T11:15:58.660] [DEBUG] cheese - null
[2020-09-05T18:40:46.792] [DEBUG] cheese - login => username:admin,password:123456
[2020-09-05T18:40:46.793] [DEBUG] cheese - admin
[2020-09-05T18:40:46.794] [DEBUG] cheese - null
[2020-09-05T18:40:46.794] [DEBUG] cheese - null
[2020-09-05T21:44:09.576] [DEBUG] cheese - null
[2020-09-05T21:46:35.109] [DEBUG] cheese - null
[2020-09-05T21:48:42.362] [DEBUG] cheese - null
[2020-09-05T21:48:51.978] [DEBUG] cheese - null
[2020-09-05T21:49:57.539] [DEBUG] cheese - null
[2020-09-05T21:50:00.531] [DEBUG] cheese - null
[2020-09-05T21:50:03.448] [DEBUG] cheese - null
[2020-09-05T22:45:12.285] [DEBUG] cheese - null
[2020-09-05T22:45:19.237] [DEBUG] cheese - null
[2020-09-05T23:03:23.207] [DEBUG] cheese - null
[2020-09-06T18:53:56.671] [DEBUG] cheese - login => username:admin,password:123456
[2020-09-06T18:53:56.672] [DEBUG] cheese - admin
[2020-09-06T18:53:56.675] [DEBUG] cheese - null
[2020-09-06T18:53:56.676] [DEBUG] cheese - null
[2020-09-07T14:42:05.923] [DEBUG] cheese - login => username:admin,password:123456
[2020-09-07T14:42:05.925] [DEBUG] cheese - admin
[2020-09-07T14:42:05.928] [DEBUG] cheese - null
[2020-09-07T14:42:05.928] [DEBUG] cheese - null
[2020-09-08T14:59:42.598] [DEBUG] cheese - login => username:admin,password:123456
[2020-09-08T14:59:42.599] [DEBUG] cheese - admin
[2020-09-08T14:59:42.669] [DEBUG] cheese - null
[2020-09-08T14:59:42.669] [DEBUG] cheese - null
[2020-09-09T20:15:28.915] [DEBUG] cheese - login => username:admin,password:123456
[2020-09-09T20:15:28.916] [DEBUG] cheese - admin
[2020-09-09T20:15:28.924] [DEBUG] cheese - null
[2020-09-09T20:15:28.925] [DEBUG] cheese - null
[2020-09-10T20:51:26.722] [DEBUG] cheese - login => username:admin,password:123456
[2020-09-10T20:51:26.724] [DEBUG] cheese - admin
[2020-09-10T20:51:26.843] [DEBUG] cheese - null
[2020-09-10T20:51:26.843] [DEBUG] cheese - null
[2020-09-10T22:07:02.727] [DEBUG] cheese - null
[2020-09-11T10:48:46.460] [DEBUG] cheese - login => username:admin,password:123456
[2020-09-11T10:48:46.462] [DEBUG] cheese - admin
[2020-09-11T10:48:46.581] [DEBUG] cheese - null
[2020-09-11T10:48:46.582] [DEBUG] cheese - null
[2020-09-18T11:03:34.646] [DEBUG] cheese - login => username:admin212,password:123456
[2020-09-18T11:03:34.648] [DEBUG] cheese - admin212
[2020-09-18T11:03:34.778] [DEBUG] cheese - null
[2020-09-18T11:03:34.779] [DEBUG] cheese - null
[2020-09-18T11:03:40.452] [DEBUG] cheese - login => username:admin212,password:123456
[2020-09-18T11:03:40.453] [DEBUG] cheese - admin212
[2020-09-18T11:03:40.455] [DEBUG] cheese - null
[2020-09-18T11:03:40.455] [DEBUG] cheese - null
